  Main.cpp
C:\Users\jdpai\git\ECE3514_2\TreapAnimation\TreapAnimation\Main.cpp(182,17): warning C4244: 'initializing': conversion from 'double' to 'float', possible loss of data
C:\Users\jdpai\git\ECE3514_2\TreapAnimation\TreapAnimation\Main.cpp(200,16): warning C4244: 'initializing': conversion from 'const T' to 'int', possible loss of data
          with
          [
              T=float
          ]
C:\Users\jdpai\git\ECE3514_2\TreapAnimation\TreapAnimation\Main.cpp(201,16): warning C4244: 'initializing': conversion from 'const T' to 'int', possible loss of data
          with
          [
              T=float
          ]
C:\Users\jdpai\git\ECE3514_2\TreapAnimation\TreapAnimation\Main.cpp(202,16): warning C4244: 'initializing': conversion from 'const T' to 'int', possible loss of data
          with
          [
              T=float
          ]
C:\Users\jdpai\git\ECE3514_2\TreapAnimation\TreapAnimation\Main.cpp(203,16): warning C4244: 'initializing': conversion from 'const T' to 'int', possible loss of data
          with
          [
              T=float
          ]
C:\Users\jdpai\git\ECE3514_2\TreapAnimation\TreapAnimation\Main.cpp(218,17): warning C4244: 'initializing': conversion from 'double' to 'float', possible loss of data
C:\Users\jdpai\git\ECE3514_2\TreapAnimation\TreapAnimation\Main.cpp(306,13): warning C4244: 'initializing': conversion from 'float' to 'int', possible loss of data
C:\Users\jdpai\git\ECE3514_2\TreapAnimation\TreapAnimation\Main.cpp(307,13): warning C4244: 'initializing': conversion from 'float' to 'int', possible loss of data
C:\Users\jdpai\git\ECE3514_2\TreapAnimation\TreapAnimation\Main.cpp(308,13): warning C4244: 'initializing': conversion from 'float' to 'int', possible loss of data
C:\Users\jdpai\git\ECE3514_2\TreapAnimation\TreapAnimation\Main.cpp(309,13): warning C4244: 'initializing': conversion from 'float' to 'int', possible loss of data
C:\Users\jdpai\git\ECE3514_2\TreapAnimation\TreapAnimation\Main.cpp(319,13): warning C4244: 'initializing': conversion from 'float' to 'int', possible loss of data
C:\Users\jdpai\git\ECE3514_2\TreapAnimation\TreapAnimation\Main.cpp(320,13): warning C4244: 'initializing': conversion from 'float' to 'int', possible loss of data
C:\Users\jdpai\git\ECE3514_2\TreapAnimation\TreapAnimation\Main.cpp(321,13): warning C4244: 'initializing': conversion from 'float' to 'int', possible loss of data
C:\Users\jdpai\git\ECE3514_2\TreapAnimation\TreapAnimation\Main.cpp(322,13): warning C4244: 'initializing': conversion from 'float' to 'int', possible loss of data
C:\Users\jdpai\git\ECE3514_2\TreapAnimation\TreapAnimation\Main.cpp(333,18): warning C4244: 'initializing': conversion from 'float' to 'int', possible loss of data
C:\Users\jdpai\git\ECE3514_2\TreapAnimation\TreapAnimation\Main.cpp(334,18): warning C4244: 'initializing': conversion from 'T' to 'int', possible loss of data
          with
          [
              T=float
          ]
C:\Users\jdpai\git\ECE3514_2\TreapAnimation\TreapAnimation\Main.cpp(335,18): warning C4244: 'initializing': conversion from 'float' to 'int', possible loss of data
C:\Users\jdpai\git\ECE3514_2\TreapAnimation\TreapAnimation\Main.cpp(336,18): warning C4244: 'initializing': conversion from 'T' to 'int', possible loss of data
          with
          [
              T=float
          ]
C:\Users\jdpai\git\ECE3514_2\TreapAnimation\TreapAnimation\Main.cpp(350,18): warning C4244: 'initializing': conversion from 'float' to 'int', possible loss of data
C:\Users\jdpai\git\ECE3514_2\TreapAnimation\TreapAnimation\Main.cpp(351,18): warning C4244: 'initializing': conversion from 'T' to 'int', possible loss of data
          with
          [
              T=float
          ]
C:\Users\jdpai\git\ECE3514_2\TreapAnimation\TreapAnimation\Main.cpp(352,18): warning C4244: 'initializing': conversion from 'float' to 'int', possible loss of data
C:\Users\jdpai\git\ECE3514_2\TreapAnimation\TreapAnimation\Main.cpp(353,18): warning C4244: 'initializing': conversion from 'T' to 'int', possible loss of data
          with
          [
              T=float
          ]
C:\Users\jdpai\git\ECE3514_2\TreapAnimation\TreapAnimation\Main.cpp(367,18): warning C4244: 'initializing': conversion from 'float' to 'int', possible loss of data
C:\Users\jdpai\git\ECE3514_2\TreapAnimation\TreapAnimation\Main.cpp(368,18): warning C4244: 'initializing': conversion from 'T' to 'int', possible loss of data
          with
          [
              T=float
          ]
C:\Users\jdpai\git\ECE3514_2\TreapAnimation\TreapAnimation\Main.cpp(369,18): warning C4244: 'initializing': conversion from 'float' to 'int', possible loss of data
C:\Users\jdpai\git\ECE3514_2\TreapAnimation\TreapAnimation\Main.cpp(370,18): warning C4244: 'initializing': conversion from 'T' to 'int', possible loss of data
          with
          [
              T=float
          ]
C:\Users\jdpai\git\ECE3514_2\TreapAnimation\TreapAnimation\Main.cpp(386,24): warning C4244: 'initializing': conversion from 'double' to 'float', possible loss of data
C:\Users\jdpai\git\ECE3514_2\TreapAnimation\TreapAnimation\Main.cpp(402,29): warning C4244: 'initializing': conversion from 'double' to 'float', possible loss of data
C:\Users\jdpai\git\ECE3514_2\TreapAnimation\TreapAnimation\Main.cpp(419,29): warning C4244: 'initializing': conversion from 'double' to 'float', possible loss of data
C:\Users\jdpai\git\ECE3514_2\TreapAnimation\TreapAnimation\Main.cpp(436,29): warning C4244: 'initializing': conversion from 'double' to 'float', possible loss of data
C:\Users\jdpai\git\ECE3514_2\TreapAnimation\TreapAnimation\Main.cpp(526,13): warning C4244: 'initializing': conversion from 'float' to 'int', possible loss of data
C:\Users\jdpai\git\ECE3514_2\TreapAnimation\TreapAnimation\Main.cpp(527,13): warning C4244: 'initializing': conversion from 'float' to 'int', possible loss of data
C:\Users\jdpai\git\ECE3514_2\TreapAnimation\TreapAnimation\Main.cpp(528,13): warning C4244: 'initializing': conversion from 'float' to 'int', possible loss of data
C:\Users\jdpai\git\ECE3514_2\TreapAnimation\TreapAnimation\Main.cpp(529,13): warning C4244: 'initializing': conversion from 'float' to 'int', possible loss of data
C:\Users\jdpai\git\ECE3514_2\TreapAnimation\TreapAnimation\Main.cpp(539,13): warning C4244: 'initializing': conversion from 'float' to 'int', possible loss of data
C:\Users\jdpai\git\ECE3514_2\TreapAnimation\TreapAnimation\Main.cpp(540,13): warning C4244: 'initializing': conversion from 'float' to 'int', possible loss of data
C:\Users\jdpai\git\ECE3514_2\TreapAnimation\TreapAnimation\Main.cpp(541,13): warning C4244: 'initializing': conversion from 'float' to 'int', possible loss of data
C:\Users\jdpai\git\ECE3514_2\TreapAnimation\TreapAnimation\Main.cpp(542,13): warning C4244: 'initializing': conversion from 'float' to 'int', possible loss of data
C:\Users\jdpai\git\ECE3514_2\TreapAnimation\TreapAnimation\Main.cpp(553,18): warning C4244: 'initializing': conversion from 'float' to 'int', possible loss of data
C:\Users\jdpai\git\ECE3514_2\TreapAnimation\TreapAnimation\Main.cpp(554,18): warning C4244: 'initializing': conversion from 'T' to 'int', possible loss of data
          with
          [
              T=float
          ]
C:\Users\jdpai\git\ECE3514_2\TreapAnimation\TreapAnimation\Main.cpp(555,18): warning C4244: 'initializing': conversion from 'float' to 'int', possible loss of data
C:\Users\jdpai\git\ECE3514_2\TreapAnimation\TreapAnimation\Main.cpp(556,18): warning C4244: 'initializing': conversion from 'T' to 'int', possible loss of data
          with
          [
              T=float
          ]
C:\Users\jdpai\git\ECE3514_2\TreapAnimation\TreapAnimation\Main.cpp(570,18): warning C4244: 'initializing': conversion from 'float' to 'int', possible loss of data
C:\Users\jdpai\git\ECE3514_2\TreapAnimation\TreapAnimation\Main.cpp(571,18): warning C4244: 'initializing': conversion from 'T' to 'int', possible loss of data
          with
          [
              T=float
          ]
C:\Users\jdpai\git\ECE3514_2\TreapAnimation\TreapAnimation\Main.cpp(572,18): warning C4244: 'initializing': conversion from 'float' to 'int', possible loss of data
C:\Users\jdpai\git\ECE3514_2\TreapAnimation\TreapAnimation\Main.cpp(573,18): warning C4244: 'initializing': conversion from 'T' to 'int', possible loss of data
          with
          [
              T=float
          ]
C:\Users\jdpai\git\ECE3514_2\TreapAnimation\TreapAnimation\Main.cpp(587,18): warning C4244: 'initializing': conversion from 'float' to 'int', possible loss of data
C:\Users\jdpai\git\ECE3514_2\TreapAnimation\TreapAnimation\Main.cpp(588,18): warning C4244: 'initializing': conversion from 'T' to 'int', possible loss of data
          with
          [
              T=float
          ]
C:\Users\jdpai\git\ECE3514_2\TreapAnimation\TreapAnimation\Main.cpp(589,18): warning C4244: 'initializing': conversion from 'float' to 'int', possible loss of data
C:\Users\jdpai\git\ECE3514_2\TreapAnimation\TreapAnimation\Main.cpp(590,18): warning C4244: 'initializing': conversion from 'T' to 'int', possible loss of data
          with
          [
              T=float
          ]
C:\Users\jdpai\git\ECE3514_2\TreapAnimation\TreapAnimation\Main.cpp(606,24): warning C4244: 'initializing': conversion from 'double' to 'float', possible loss of data
C:\Users\jdpai\git\ECE3514_2\TreapAnimation\TreapAnimation\Main.cpp(622,29): warning C4244: 'initializing': conversion from 'double' to 'float', possible loss of data
C:\Users\jdpai\git\ECE3514_2\TreapAnimation\TreapAnimation\Main.cpp(639,29): warning C4244: 'initializing': conversion from 'double' to 'float', possible loss of data
C:\Users\jdpai\git\ECE3514_2\TreapAnimation\TreapAnimation\Main.cpp(656,29): warning C4244: 'initializing': conversion from 'double' to 'float', possible loss of data
C:\Users\jdpai\git\ECE3514_2\TreapAnimation\TreapAnimation\Main.cpp(726,55): warning C4244: 'argument': conversion from 'unsigned int' to 'float', possible loss of data
C:\Users\jdpai\git\ECE3514_2\TreapAnimation\TreapAnimation\Main.cpp(726,38): warning C4244: 'argument': conversion from 'unsigned int' to 'float', possible loss of data
C:\Users\jdpai\git\ECE3514_2\TreapAnimation\TreapAnimation\Main.cpp(728,78): warning C4244: 'argument': conversion from 'unsigned int' to 'float', possible loss of data
C:\Users\jdpai\git\ECE3514_2\TreapAnimation\TreapAnimation\Main.cpp(782,63): warning C4244: 'argument': conversion from 'unsigned int' to 'float', possible loss of data
C:\Users\jdpai\git\ECE3514_2\TreapAnimation\TreapAnimation\Main.cpp(782,46): warning C4244: 'argument': conversion from 'unsigned int' to 'float', possible loss of data
C:\Users\jdpai\git\ECE3514_2\TreapAnimation\TreapAnimation\Main.cpp(794,74): warning C4244: 'argument': conversion from 'unsigned int' to 'float', possible loss of data
C:\Users\jdpai\git\ECE3514_2\TreapAnimation\TreapAnimation\Main.cpp(794,57): warning C4244: 'argument': conversion from 'unsigned int' to 'float', possible loss of data
C:\Users\jdpai\git\ECE3514_2\TreapAnimation\TreapAnimation\Main.cpp(799,63): warning C4244: 'argument': conversion from 'unsigned int' to 'float', possible loss of data
C:\Users\jdpai\git\ECE3514_2\TreapAnimation\TreapAnimation\Main.cpp(799,46): warning C4244: 'argument': conversion from 'unsigned int' to 'float', possible loss of data
C:\Users\jdpai\git\ECE3514_2\TreapAnimation\TreapAnimation\Main.cpp(824,74): warning C4244: 'argument': conversion from 'unsigned int' to 'float', possible loss of data
C:\Users\jdpai\git\ECE3514_2\TreapAnimation\TreapAnimation\Main.cpp(824,57): warning C4244: 'argument': conversion from 'unsigned int' to 'float', possible loss of data
C:\Users\jdpai\git\ECE3514_2\TreapAnimation\TreapAnimation\Main.cpp(829,63): warning C4244: 'argument': conversion from 'unsigned int' to 'float', possible loss of data
C:\Users\jdpai\git\ECE3514_2\TreapAnimation\TreapAnimation\Main.cpp(829,46): warning C4244: 'argument': conversion from 'unsigned int' to 'float', possible loss of data
C:\Users\jdpai\git\ECE3514_2\TreapAnimation\TreapAnimation\Main.cpp(836,20): warning C4244: 'initializing': conversion from 'T' to 'int', possible loss of data
          with
          [
              T=float
          ]
C:\Users\jdpai\git\ECE3514_2\TreapAnimation\TreapAnimation\Main.cpp(837,20): warning C4244: 'initializing': conversion from 'T' to 'int', possible loss of data
          with
          [
              T=float
          ]
C:\Users\jdpai\git\ECE3514_2\TreapAnimation\TreapAnimation\Main.cpp(838,20): warning C4244: 'initializing': conversion from 'float' to 'int', possible loss of data
C:\Users\jdpai\git\ECE3514_2\TreapAnimation\TreapAnimation\Main.cpp(839,20): warning C4244: 'initializing': conversion from 'float' to 'int', possible loss of data
C:\Users\jdpai\git\ECE3514_2\TreapAnimation\TreapAnimation\Main.cpp(865,74): warning C4244: 'argument': conversion from 'unsigned int' to 'float', possible loss of data
C:\Users\jdpai\git\ECE3514_2\TreapAnimation\TreapAnimation\Main.cpp(865,57): warning C4244: 'argument': conversion from 'unsigned int' to 'float', possible loss of data
C:\Users\jdpai\git\ECE3514_2\TreapAnimation\TreapAnimation\Main.cpp(870,63): warning C4244: 'argument': conversion from 'unsigned int' to 'float', possible loss of data
C:\Users\jdpai\git\ECE3514_2\TreapAnimation\TreapAnimation\Main.cpp(870,46): warning C4244: 'argument': conversion from 'unsigned int' to 'float', possible loss of data
C:\Users\jdpai\git\ECE3514_2\TreapAnimation\TreapAnimation\Main.cpp(877,20): warning C4244: 'initializing': conversion from 'T' to 'int', possible loss of data
          with
          [
              T=float
          ]
C:\Users\jdpai\git\ECE3514_2\TreapAnimation\TreapAnimation\Main.cpp(878,20): warning C4244: 'initializing': conversion from 'T' to 'int', possible loss of data
          with
          [
              T=float
          ]
C:\Users\jdpai\git\ECE3514_2\TreapAnimation\TreapAnimation\Main.cpp(879,20): warning C4244: 'initializing': conversion from 'float' to 'int', possible loss of data
C:\Users\jdpai\git\ECE3514_2\TreapAnimation\TreapAnimation\Main.cpp(880,20): warning C4244: 'initializing': conversion from 'float' to 'int', possible loss of data
C:\Users\jdpai\git\ECE3514_2\TreapAnimation\TreapAnimation\Main.cpp(942,15): warning C4244: 'argument': conversion from 'time_t' to 'unsigned int', possible loss of data
C:\Users\jdpai\git\ECE3514_2\TreapAnimation\TreapAnimation\Main.cpp(975,63): warning C4244: 'argument': conversion from 'double' to 'T', possible loss of data
          with
          [
              T=float
          ]
C:\Users\jdpai\git\ECE3514_2\TreapAnimation\TreapAnimation\Main.cpp(975,43): warning C4244: 'argument': conversion from 'unsigned int' to 'T', possible loss of data
          with
          [
              T=float
          ]
C:\Users\jdpai\git\ECE3514_2\TreapAnimation\TreapAnimation\Main.cpp(976,58): warning C4244: 'argument': conversion from 'double' to 'T', possible loss of data
          with
          [
              T=float
          ]
C:\Users\jdpai\git\ECE3514_2\TreapAnimation\TreapAnimation\Main.cpp(981,46): warning C4244: 'argument': conversion from 'unsigned int' to 'float', possible loss of data
C:\Users\jdpai\git\ECE3514_2\TreapAnimation\TreapAnimation\Main.cpp(981,29): warning C4244: 'argument': conversion from 'unsigned int' to 'float', possible loss of data
C:\Users\jdpai\git\ECE3514_2\TreapAnimation\TreapAnimation\Main.cpp(982,46): warning C4244: 'argument': conversion from 'double' to 'float', possible loss of data
C:\Users\jdpai\git\ECE3514_2\TreapAnimation\TreapAnimation\Main.cpp(982,26): warning C4244: 'argument': conversion from 'double' to 'float', possible loss of data
C:\Users\jdpai\git\ECE3514_2\TreapAnimation\TreapAnimation\Main.cpp(988,82): warning C4244: 'argument': conversion from 'double' to 'float', possible loss of data
C:\Users\jdpai\git\ECE3514_2\TreapAnimation\TreapAnimation\Main.cpp(988,50): warning C4244: 'argument': conversion from 'double' to 'float', possible loss of data
C:\Users\jdpai\git\ECE3514_2\TreapAnimation\TreapAnimation\Main.cpp(989,58): warning C4244: 'argument': conversion from 'double' to 'float', possible loss of data
C:\Users\jdpai\git\ECE3514_2\TreapAnimation\TreapAnimation\Main.cpp(995,77): warning C4244: 'argument': conversion from 'double' to 'float', possible loss of data
C:\Users\jdpai\git\ECE3514_2\TreapAnimation\TreapAnimation\Main.cpp(995,45): warning C4244: 'argument': conversion from 'double' to 'float', possible loss of data
C:\Users\jdpai\git\ECE3514_2\TreapAnimation\TreapAnimation\Main.cpp(996,95): warning C4244: 'argument': conversion from 'double' to 'float', possible loss of data
C:\Users\jdpai\git\ECE3514_2\TreapAnimation\TreapAnimation\Main.cpp(996,53): warning C4244: 'argument': conversion from 'double' to 'float', possible loss of data
C:\Users\jdpai\git\ECE3514_2\TreapAnimation\TreapAnimation\Main.cpp(1003,90): warning C4244: 'argument': conversion from 'double' to 'float', possible loss of data
C:\Users\jdpai\git\ECE3514_2\TreapAnimation\TreapAnimation\Main.cpp(1003,52): warning C4244: 'argument': conversion from 'double' to 'float', possible loss of data
C:\Users\jdpai\git\ECE3514_2\TreapAnimation\TreapAnimation\Main.cpp(1004,102): warning C4244: 'argument': conversion from 'double' to 'float', possible loss of data
C:\Users\jdpai\git\ECE3514_2\TreapAnimation\TreapAnimation\Main.cpp(1004,60): warning C4244: 'argument': conversion from 'double' to 'float', possible loss of data
C:\Users\jdpai\git\ECE3514_2\TreapAnimation\TreapAnimation\Main.cpp(1009,77): warning C4244: 'argument': conversion from 'double' to 'float', possible loss of data
C:\Users\jdpai\git\ECE3514_2\TreapAnimation\TreapAnimation\Main.cpp(1009,45): warning C4244: 'argument': conversion from 'double' to 'float', possible loss of data
C:\Users\jdpai\git\ECE3514_2\TreapAnimation\TreapAnimation\Main.cpp(1010,95): warning C4244: 'argument': conversion from 'double' to 'float', possible loss of data
C:\Users\jdpai\git\ECE3514_2\TreapAnimation\TreapAnimation\Main.cpp(1010,53): warning C4244: 'argument': conversion from 'double' to 'float', possible loss of data
C:\Users\jdpai\git\ECE3514_2\TreapAnimation\TreapAnimation\Main.cpp(1016,77): warning C4244: 'argument': conversion from 'double' to 'float', possible loss of data
C:\Users\jdpai\git\ECE3514_2\TreapAnimation\TreapAnimation\Main.cpp(1016,45): warning C4244: 'argument': conversion from 'double' to 'float', possible loss of data
C:\Users\jdpai\git\ECE3514_2\TreapAnimation\TreapAnimation\Main.cpp(1017,95): warning C4244: 'argument': conversion from 'double' to 'float', possible loss of data
C:\Users\jdpai\git\ECE3514_2\TreapAnimation\TreapAnimation\Main.cpp(1017,53): warning C4244: 'argument': conversion from 'double' to 'float', possible loss of data
  TreapAnimation.vcxproj -> C:\Users\jdpai\git\ECE3514_2\TreapAnimation\Debug\TreapAnimation.exe
